<?xml version="1.0" encoding="UTF-8"?>
<robot generator="Robot 7.5 (Python 3.14.7 on win32)" generated="2026-09-25T13:38:22.096515" rpa="false" schemaversion="5">
<suite id="s1" name="Tests" source="C:\Users\dell\Desktop\LabQA\tests">
<suite id="s1-s1" name="Parcours" source="C:\Users\dell\Desktop\LabQA\tests\parcours.robot">
<test id="s1-s1-t1" name="e2e" line="14">
<kw name="init" owner="keyword" type="SETUP">
<kw name="Open Browser" owner="SeleniumLibrary">
<msg time="2026-09-25T13:38:22.615651" level="INFO">Opening browser 'chrome' to base url 'https://ssid-testing-agency.github.io/Lab.qa/#/login'.</msg>
<arg>${url}</arg>
<arg>${browser}</arg>
<doc>Opens a new browser instance to the optional ``url``.</doc>
<status status="PASS" start="2026-09-25T13:38:22.615250" elapsed="1.185377"/>
</kw>
<kw name="Set Selenium Implicit Wait" owner="SeleniumLibrary">
<arg>5s</arg>
<doc>Sets the implicit wait value used by Selenium.</doc>
<status status="PASS" start="2026-09-25T13:38:23.803159" elapsed="0.005307"/>
</kw>
<status status="PASS" start="2026-09-25T13:38:22.614019" elapsed="1.196060"/>
</kw>
<kw name="connexion" owner="login">
<kw name="Input Text" owner="SeleniumLibrary">
<msg time="2026-09-25T13:38:23.813526" level="INFO">Typing text 'jean_dupont' into text field 'id:username'.</msg>
<arg>${user}</arg>
<arg>jean_dupont</arg>
<doc>Types the given ``text`` into the text field identified by ``locator``.</doc>
<status status="PASS" start="2026-09-25T13:38:23.812609" elapsed="0.196721"/>
</kw>
<kw name="Input Text" owner="SeleniumLibrary">
<msg time="2026-09-25T13:38:24.012376" level="INFO">Typing text 'Baguette42!' into text field 'id:password'.</msg>
<arg>${pwd}</arg>
<arg>Baguette42!</arg>
<doc>Types the given ``text`` into the text field identified by ``locator``.</doc>
<status status="PASS" start="2026-09-25T13:38:24.011680" elapsed="0.088799"/>
</kw>
<kw name="Click Button" owner="SeleniumLibrary">
<msg time="2026-09-25T13:38:24.103976" level="INFO">Clicking button 'css:[data-testid="login-submit"]'.</msg>
<arg>${btn}</arg>
<doc>Clicks the button identified by ``locator``.</doc>
<status status="PASS" start="2026-09-25T13:38:24.103001" elapsed="0.106637"/>
</kw>
<status status="PASS" start="2026-09-25T13:38:23.811737" elapsed="0.400250"/>
</kw>
<kw name="getTextHeader" owner="catalog">
<kw name="Get Text" owner="SeleniumLibrary">
<msg time="2026-09-25T13:38:24.349370" level="INFO">${text} = Tous les produits (18 produits — page 1/3)</msg>
<var>${text}</var>
<arg>${header}</arg>
<doc>Returns the text value of the element identified by ``locator``.</doc>
<status status="PASS" start="2026-09-25T13:38:24.214637" elapsed="0.134860"/>
</kw>
<return>
<value>${text}</value>
<status status="PASS" start="2026-09-25T13:38:24.352058" elapsed="0.000305"/>
</return>
<msg time="2026-09-25T13:38:24.353360" level="INFO">${textHEader} = Tous les produits (18 produits — page 1/3)</msg>
<var>${textHEader}</var>
<status status="PASS" start="2026-09-25T13:38:24.213437" elapsed="0.140074"/>
</kw>
<kw name="Should Contain" owner="BuiltIn">
<arg>${textHEader}</arg>
<arg>Tous les produit</arg>
<doc>Fails if the `container` does not contain the `item` one or more times.</doc>
<status status="PASS" start="2026-09-25T13:38:24.356924" elapsed="0.001414"/>
</kw>
<kw name="clickSurVetement" owner="catalog">
<kw name="Click Element" owner="SeleniumLibrary">
<msg time="2026-09-25T13:38:24.360808" level="INFO">Clicking element 'css:[data-testid="sidebar-category-clothing"]'.</msg>
<arg>${vetementBTN}</arg>
<doc>Click the element identified by ``locator``.</doc>
<status status="PASS" start="2026-09-25T13:38:24.360141" elapsed="0.255746"/>
</kw>
<status status="PASS" start="2026-09-25T13:38:24.359246" elapsed="0.258593"/>
</kw>
<kw name="Location Should Contain" owner="SeleniumLibrary">
<msg time="2026-09-25T13:38:24.634141" level="INFO">Current location contains 'category=clothing'.</msg>
<arg>category=clothing</arg>
<doc>Verifies that the current URL contains ``expected``.</doc>
<status status="PASS" start="2026-09-25T13:38:24.618435" elapsed="0.015857"/>
</kw>
<kw name="clickSurAddFavory" owner="catalog">
<kw name="Click Element" owner="SeleniumLibrary">
<msg time="2026-09-25T13:38:24.639384" level="INFO">Clicking element 'css:[data-testid="wishlist-btn-sauce-bolt-shirt"]'.</msg>
<arg>${addFavory}</arg>
<doc>Click the element identified by ``locator``.</doc>
<status status="PASS" start="2026-09-25T13:38:24.638718" elapsed="0.080023"/>
</kw>
<status status="PASS" start="2026-09-25T13:38:24.637012" elapsed="0.084580"/>
</kw>
<kw name="getTxtCartCount" owner="catalog">
<kw name="Get Text" owner="SeleniumLibrary">
<msg time="2026-09-25T13:38:24.741559" level="INFO">${msg} = 1</msg>
<var>${msg}</var>
<arg>${wishlistcount}</arg>
<doc>Returns the text value of the element identified by ``locator``.</doc>
<status status="PASS" start="2026-09-25T13:38:24.722988" elapsed="0.018667"/>
</kw>
<return>
<value>${msg}</value>
<status status="PASS" start="2026-09-25T13:38:24.744327" elapsed="0.000246"/>
</return>
<msg time="2026-09-25T13:38:24.745674" level="INFO">${msgCount} = 1</msg>
<var>${msgCount}</var>
<status status="PASS" start="2026-09-25T13:38:24.722319" elapsed="0.023444"/>
</kw>
<kw name="Should Contain" owner="BuiltIn">
<arg>${msgCount}</arg>
<arg>1</arg>
<doc>Fails if the `container` does not contain the `item` one or more times.</doc>
<status status="PASS" start="2026-09-25T13:38:24.747962" elapsed="0.000973"/>
</kw>
<kw name="clickWitchListCount" owner="catalog">
<kw name="Click Element" owner="SeleniumLibrary">
<msg time="2026-09-25T13:38:24.751096" level="INFO">Clicking element 'css:[data-testid="wishlist-count"]'.</msg>
<arg>${wishlistcount}</arg>
<doc>Click the element identified by ``locator``.</doc>
<status status="PASS" start="2026-09-25T13:38:24.750619" elapsed="0.085696"/>
</kw>
<status status="PASS" start="2026-09-25T13:38:24.749964" elapsed="0.090243"/>
</kw>
<kw name="Location Should Contain" owner="SeleniumLibrary">
<msg time="2026-09-25T13:38:24.853443" level="INFO">Current location contains 'wishlist'.</msg>
<arg>wishlist</arg>
<doc>Verifies that the current URL contains ``expected``.</doc>
<status status="PASS" start="2026-09-25T13:38:24.841105" elapsed="0.012622"/>
</kw>
<kw name="clickChoisirTaille" owner="list">
<kw name="Click Element" owner="SeleniumLibrary">
<msg time="2026-09-25T13:38:24.860962" level="INFO">Clicking element 'css:[data-testid="wishlist-choose-size-sauce-bolt-shirt"]'.</msg>
<arg>${choisirTailleBtn}</arg>
<doc>Click the element identified by ``locator``.</doc>
<status status="PASS" start="2026-09-25T13:38:24.860254" elapsed="0.090769"/>
</kw>
<status status="PASS" start="2026-09-25T13:38:24.859323" elapsed="0.094256"/>
</kw>
<kw name="clickSurM" owner="list">
<kw name="Click Element" owner="SeleniumLibrary">
<msg time="2026-09-25T13:38:24.957157" level="INFO">Clicking element 'css:[data-testid="size-btn-M"]'.</msg>
<arg>${chosirTailleM}</arg>
<doc>Click the element identified by ``locator``.</doc>
<status status="PASS" start="2026-09-25T13:38:24.956636" elapsed="0.145721"/>
</kw>
<status status="PASS" start="2026-09-25T13:38:24.955920" elapsed="0.150347"/>
</kw>
<kw name="clickAjoutPanier" owner="list">
<kw name="Click Element" owner="SeleniumLibrary">
<msg time="2026-09-25T13:38:25.108381" level="INFO">Clicking element 'css:[data-testid="product-detail-add-to-cart"]'.</msg>
<arg>${ajoutPanierBTN}</arg>
<doc>Click the element identified by ``locator``.</doc>
<status status="PASS" start="2026-09-25T13:38:25.107953" elapsed="0.091819"/>
</kw>
<status status="PASS" start="2026-09-25T13:38:25.107381" elapsed="0.094881"/>
</kw>
<kw name="getTExtPanier" owner="list">
<kw name="Get Text" owner="SeleniumLibrary">
<msg time="2026-09-25T13:38:25.231654" level="INFO">${msg} = 1</msg>
<var>${msg}</var>
<arg>${cartCount}</arg>
<doc>Returns the text value of the element identified by ``locator``.</doc>
<status status="PASS" start="2026-09-25T13:38:25.206127" elapsed="0.025656"/>
</kw>
<return>
<value>${msg}</value>
<status status="PASS" start="2026-09-25T13:38:25.234851" elapsed="0.000239"/>
</return>
<msg time="2026-09-25T13:38:25.236014" level="INFO">${msg} = 1</msg>
<var>${msg}</var>
<status status="PASS" start="2026-09-25T13:38:25.204751" elapsed="0.031371"/>
</kw>
<kw name="Should Contain" owner="BuiltIn">
<arg>${msg}</arg>
<arg>1</arg>
<doc>Fails if the `container` does not contain the `item` one or more times.</doc>
<status status="PASS" start="2026-09-25T13:38:25.243007" elapsed="0.001021"/>
</kw>
<kw name="ClickPanier" owner="list">
<kw name="Click Element" owner="SeleniumLibrary">
<msg time="2026-09-25T13:38:25.245765" level="INFO">Clicking element 'css:[data-testid="cart-count"]'.</msg>
<arg>${cartCount}</arg>
<doc>Click the element identified by ``locator``.</doc>
<status status="PASS" start="2026-09-25T13:38:25.245317" elapsed="0.100315"/>
</kw>
<status status="PASS" start="2026-09-25T13:38:25.244757" elapsed="0.102904"/>
</kw>
<kw name="clickCOmmander" owner="cart">
<kw name="Click Button" owner="SeleniumLibrary">
<msg time="2026-09-25T13:38:25.349698" level="INFO">Clicking button 'css:[data-testid="cart-checkout-button"]'.</msg>
<arg>${commanderBTn}</arg>
<doc>Clicks the button identified by ``locator``.</doc>
<status status="PASS" start="2026-09-25T13:38:25.349163" elapsed="0.201832"/>
</kw>
<status status="PASS" start="2026-09-25T13:38:25.348544" elapsed="0.207030"/>
</kw>
<kw name="Location Should Contain" owner="SeleniumLibrary">
<msg time="2026-09-25T13:38:25.576632" level="INFO">Current location contains 'checkout/info'.</msg>
<arg>checkout/info</arg>
<doc>Verifies that the current URL contains ``expected``.</doc>
<status status="PASS" start="2026-09-25T13:38:25.558843" elapsed="0.018071"/>
</kw>
<kw name="remplirForm" owner="information">
<kw name="Input Text" owner="SeleniumLibrary">
<msg time="2026-09-25T13:38:25.582377" level="INFO">Typing text 'yedir' into text field 'id:first-name'.</msg>
<arg>${prenom}</arg>
<arg>yedir</arg>
<doc>Types the given ``text`` into the text field identified by ``locator``.</doc>
<status status="PASS" start="2026-09-25T13:38:25.581711" elapsed="0.147924"/>
</kw>
<kw name="Input Text" owner="SeleniumLibrary">
<msg time="2026-09-25T13:38:25.732634" level="INFO">Typing text 'benamar' into text field 'id:last-name'.</msg>
<arg>${nom}</arg>
<arg>benamar</arg>
<doc>Types the given ``text`` into the text field identified by ``locator``.</doc>
<status status="PASS" start="2026-09-25T13:38:25.731885" elapsed="0.146597"/>
</kw>
<kw name="Input Text" owner="SeleniumLibrary">
<msg time="2026-09-25T13:38:25.881860" level="INFO">Typing text 'benamar@gmail.com' into text field 'id:email'.</msg>
<arg>${email}</arg>
<arg>benamar@gmail.com</arg>
<doc>Types the given ``text`` into the text field identified by ``locator``.</doc>
<status status="PASS" start="2026-09-25T13:38:25.881146" elapsed="0.117986"/>
</kw>
<kw name="Input Text" owner="SeleniumLibrary">
<msg time="2026-09-25T13:38:26.002290" level="INFO">Typing text '95870' into text field 'id:postal-code'.</msg>
<arg>${postal-code}</arg>
<arg>95870</arg>
<doc>Types the given ``text`` into the text field identified by ``locator``.</doc>
<status status="PASS" start="2026-09-25T13:38:26.001561" elapsed="0.087757"/>
</kw>
<kw name="Click Button" owner="SeleniumLibrary">
<msg time="2026-09-25T13:38:26.091953" level="INFO">Clicking button 'css:[data-testid="checkout-continue"]'.</msg>
<arg>${btnContinue}</arg>
<doc>Clicks the button identified by ``locator``.</doc>
<status status="PASS" start="2026-09-25T13:38:26.091513" elapsed="0.118827"/>
</kw>
<status status="PASS" start="2026-09-25T13:38:25.580846" elapsed="0.631954"/>
</kw>
<kw name="Location Should Contain" owner="SeleniumLibrary">
<msg time="2026-09-25T13:38:26.226829" level="INFO">Current location contains 'checkout/review'.</msg>
<arg>checkout/review</arg>
<doc>Verifies that the current URL contains ``expected``.</doc>
<status status="PASS" start="2026-09-25T13:38:26.213536" elapsed="0.013753"/>
</kw>
<kw name="clickBtnCOnfirmer" owner="information">
<kw name="Click Button" owner="SeleniumLibrary">
<msg time="2026-09-25T13:38:26.231776" level="INFO">Clicking button 'css:[data-testid="checkout-finish"]'.</msg>
<arg>${btnCOnfirm}</arg>
<doc>Clicks the button identified by ``locator``.</doc>
<status status="PASS" start="2026-09-25T13:38:26.231405" elapsed="0.100477"/>
</kw>
<status status="PASS" start="2026-09-25T13:38:26.230902" elapsed="0.103340"/>
</kw>
<kw name="Location Should Contain" owner="SeleniumLibrary">
<msg time="2026-09-25T13:38:26.350414" level="INFO">Current location contains 'checkout/payment'.</msg>
<arg>checkout/payment</arg>
<doc>Verifies that the current URL contains ``expected``.</doc>
<status status="PASS" start="2026-09-25T13:38:26.335375" elapsed="0.015178"/>
</kw>
<kw name="remplirFormPaimenet" owner="paiement">
<kw name="Input Text" owner="SeleniumLibrary">
<msg time="2026-09-25T13:38:26.357617" level="INFO">Typing text '4242 4242 4242 4242' into text field 'id:card-number'.</msg>
<arg>${numcard}</arg>
<arg>4242 4242 4242 4242</arg>
<doc>Types the given ``text`` into the text field identified by ``locator``.</doc>
<status status="PASS" start="2026-09-25T13:38:26.356981" elapsed="0.128942"/>
</kw>
<kw name="Input Text" owner="SeleniumLibrary">
<msg time="2026-09-25T13:38:26.489712" level="INFO">Typing text '12/29' into text field 'id:card-expiry'.</msg>
<arg>${card-expiry}</arg>
<arg>12/29</arg>
<doc>Types the given ``text`` into the text field identified by ``locator``.</doc>
<status status="PASS" start="2026-09-25T13:38:26.488974" elapsed="0.102632"/>
</kw>
<kw name="Input Text" owner="SeleniumLibrary">
<msg time="2026-09-25T13:38:26.605853" level="INFO">Typing text '134' into text field 'id:card-cvc'.</msg>
<arg>${card-cvc}</arg>
<arg>134</arg>
<doc>Types the given ``text`` into the text field identified by ``locator``.</doc>
<status status="PASS" start="2026-09-25T13:38:26.605377" elapsed="0.076590"/>
</kw>
<kw name="Input Text" owner="SeleniumLibrary">
<msg time="2026-09-25T13:38:26.684998" level="INFO">Typing text '77150' into text field 'id:card-name'.</msg>
<arg>${card-name}</arg>
<arg>77150</arg>
<doc>Types the given ``text`` into the text field identified by ``locator``.</doc>
<status status="PASS" start="2026-09-25T13:38:26.684247" elapsed="0.094800"/>
</kw>
<kw name="Click Button" owner="SeleniumLibrary">
<msg time="2026-09-25T13:38:26.781794" level="INFO">Clicking button 'css:[data-testid="payment-submit"]'.</msg>
<arg>${payerBTN}</arg>
<doc>Clicks the button identified by ``locator``.</doc>
<status status="PASS" start="2026-09-25T13:38:26.781234" elapsed="0.103222"/>
</kw>
<status status="PASS" start="2026-09-25T13:38:26.355216" elapsed="0.532584"/>
</kw>
<kw name="getmsgCOnf" owner="paiement">
<kw name="Get Text" owner="SeleniumLibrary">
<msg time="2026-09-25T13:38:28.408177" level="INFO">${msg} = Commande confirmée !</msg>
<var>${msg}</var>
<arg>${msgConf}</arg>
<doc>Returns the text value of the element identified by ``locator``.</doc>
<status status="PASS" start="2026-09-25T13:38:26.890359" elapsed="1.517919"/>
</kw>
<return>
<value>${msg}</value>
<status status="PASS" start="2026-09-25T13:38:28.410694" elapsed="0.000182"/>
</return>
<msg time="2026-09-25T13:38:28.411384" level="INFO">${messageconf} = Commande confirmée !</msg>
<var>${messageconf}</var>
<status status="PASS" start="2026-09-25T13:38:26.889443" elapsed="1.522023"/>
</kw>
<kw name="Should Contain" owner="BuiltIn">
<arg>${messageconf}</arg>
<arg>Commande confirmée !</arg>
<doc>Fails if the `container` does not contain the `item` one or more times.</doc>
<status status="PASS" start="2026-09-25T13:38:28.413880" elapsed="0.000767"/>
</kw>
<kw name="clickBTnRetour" owner="paiement">
<kw name="Wait Until Element Is Visible" owner="SeleniumLibrary">
<arg>${btnretour}</arg>
<arg>10s</arg>
<doc>Waits until the element ``locator`` is visible.</doc>
<status status="PASS" start="2026-09-25T13:38:28.416003" elapsed="0.026146"/>
</kw>
<kw name="Click Element" owner="SeleniumLibrary">
<msg time="2026-09-25T13:38:28.443060" level="INFO">Clicking element 'css:[data-testid="confirmation-home"]'.</msg>
<arg>${btnretour}</arg>
<doc>Click the element identified by ``locator``.</doc>
<status status="PASS" start="2026-09-25T13:38:28.442664" elapsed="0.068156"/>
</kw>
<status status="PASS" start="2026-09-25T13:38:28.415314" elapsed="0.097439"/>
</kw>
<kw name="Location Should Contain" owner="SeleniumLibrary">
<msg time="2026-09-25T13:38:28.529484" level="INFO">Current location contains 'catalog'.</msg>
<arg>catalog</arg>
<doc>Verifies that the current URL contains ``expected``.</doc>
<status status="PASS" start="2026-09-25T13:38:28.513526" elapsed="0.016118"/>
</kw>
<kw name="clickLogOUt" owner="catalog">
<kw name="Click Element" owner="SeleniumLibrary">
<msg time="2026-09-25T13:38:28.533764" level="INFO">Clicking element 'css:[data-testid="logout-button"]'.</msg>
<arg>${btnLogout}</arg>
<doc>Click the element identified by ``locator``.</doc>
<status status="PASS" start="2026-09-25T13:38:28.532948" elapsed="0.089938"/>
</kw>
<status status="PASS" start="2026-09-25T13:38:28.532052" elapsed="0.093351"/>
</kw>
<kw name="Location Should Contain" owner="SeleniumLibrary">
<msg time="2026-09-25T13:38:28.630365" level="INFO">Current location contains 'login'.</msg>
<arg>login</arg>
<doc>Verifies that the current URL contains ``expected``.</doc>
<status status="PASS" start="2026-09-25T13:38:28.626180" elapsed="0.004330"/>
</kw>
<status status="PASS" start="2026-09-25T13:38:22.612735" elapsed="6.019897"/>
</test>
<doc>test e2e</doc>
<status status="PASS" start="2026-09-25T13:38:22.220910" elapsed="6.419127"/>
</suite>
<status status="PASS" start="2026-09-25T13:38:22.188043" elapsed="6.459933"/>
</suite>
<statistics>
<total>
<stat pass="1" fail="0" skip="0">All Tests</stat>
</total>
<tag>
</tag>
<suite>
<stat name="Tests" id="s1" pass="1" fail="0" skip="0">Tests</stat>
<stat name="Parcours" id="s1-s1" pass="1" fail="0" skip="0">Tests.Parcours</stat>
</suite>
</statistics>
<errors>
</errors>
</robot>
