<?xml version="1.0" encoding="UTF-8"?>
<robot generator="Robot 7.5 (Python 3.14.7 on win32)" generated="2026-09-25T14:54:57.149769" rpa="false" schemaversion="5">
<suite id="s1" name="Logincsv" source="C:\Users\dell\Desktop\LabQA\tests\logincsv.robot">
<test id="s1-t1" name="Login with data" line="23">
<status status="FAIL" start="2026-09-25T14:54:57.765358" elapsed="0.001432">Test cannot be empty.</status>
</test>
<doc>Données externes</doc>
<status status="FAIL" start="2026-09-25T14:54:57.152260" elapsed="0.615253"/>
</suite>
<statistics>
<total>
<stat pass="0" fail="1" skip="0">All Tests</stat>
</total>
<tag>
</tag>
<suite>
<stat name="Logincsv" id="s1" pass="0" fail="1" skip="0">Logincsv</stat>
</suite>
</statistics>
<errors>
<msg time="2026-09-25T14:54:57.759298" level="ERROR">[ DataDriver ] Error in robot file:
  File "C:\Users\dell\Desktop\LabQA\tests\logincsv.robot", line 0</msg>
<msg time="2026-09-25T14:54:57.759567" level="ERROR">In source file:
  File "C:\Users\dell\Desktop\LabQA\tests\..\data\jdd.csv", line 2</msg>
<msg time="2026-09-25T14:54:57.764838" level="ERROR">Calling method '_start_suite' of listener 'DataDriver' failed: IndexError: list index out of range</msg>
</errors>
</robot>
