<?xml version="1.0" encoding="UTF-8"?>
<robot generator="Robot 7.5 (Python 3.14.7 on win32)" generated="2026-09-25T15:04:27.847667" rpa="false" schemaversion="5">
<suite id="s1" name="Logincsv" source="C:\Users\dell\Desktop\LabQA\tests\logincsv.robot">
<test id="s1-t1" name="Case1" line="23">
<kw name="init" owner="keyword" type="SETUP">
<kw name="Open Browser" owner="SeleniumLibrary">
<msg time="2026-09-25T15:04:28.519200" level="INFO">Opening browser 'chrome' to base url 'https://ssid-testing-agency.github.io/Lab.qa/#/login'.</msg>
<arg>${url}</arg>
<arg>${browser}</arg>
<doc>Opens a new browser instance to the optional ``url``.</doc>
<status status="PASS" start="2026-09-25T15:04:28.518065" elapsed="2.669317"/>
</kw>
<kw name="Set Selenium Implicit Wait" owner="SeleniumLibrary">
<arg>5s</arg>
<doc>Sets the implicit wait value used by Selenium.</doc>
<status status="PASS" start="2026-09-25T15:04:31.187939" elapsed="0.002270"/>
</kw>
<status status="PASS" start="2026-09-25T15:04:28.515084" elapsed="2.675349"/>
</kw>
<kw name="data driven test">
<kw name="Connexion" owner="pagecsv">
<kw name="EnterUsername" owner="pagecsv">
<kw name="Input Text" owner="SeleniumLibrary">
<msg time="2026-09-25T15:04:31.195334" level="INFO">Typing text 'jean_dupont' into text field 'id:username'.</msg>
<arg>${username}</arg>
<arg>${user}</arg>
<doc>Types the given ``text`` into the text field identified by ``locator``.</doc>
<status status="PASS" start="2026-09-25T15:04:31.194347" elapsed="0.298073"/>
</kw>
<arg>${userr}</arg>
<status status="PASS" start="2026-09-25T15:04:31.193211" elapsed="0.299445"/>
</kw>
<kw name="EnterPassword" owner="pagecsv">
<kw name="Input Text" owner="SeleniumLibrary">
<msg time="2026-09-25T15:04:31.494088" level="INFO">Typing text 'Baguette42!' into text field 'id:password'.</msg>
<arg>${password}</arg>
<arg>${pwd}</arg>
<doc>Types the given ``text`` into the text field identified by ``locator``.</doc>
<status status="PASS" start="2026-09-25T15:04:31.493603" elapsed="0.167634"/>
</kw>
<arg>${pwdd}</arg>
<status status="PASS" start="2026-09-25T15:04:31.492982" elapsed="0.168430"/>
</kw>
<kw name="ClickLogin" owner="pagecsv">
<kw name="Click Button" owner="SeleniumLibrary">
<msg time="2026-09-25T15:04:31.662843" level="INFO">Clicking button 'css:[data-testid="login-submit"]'.</msg>
<arg>${button_login}</arg>
<doc>Clicks the button identified by ``locator``.</doc>
<status status="PASS" start="2026-09-25T15:04:31.662274" elapsed="0.164304"/>
</kw>
<status status="PASS" start="2026-09-25T15:04:31.661718" elapsed="0.166967"/>
</kw>
<arg>${userr}</arg>
<arg>${pwdd}</arg>
<status status="PASS" start="2026-09-25T15:04:31.192289" elapsed="0.637095"/>
</kw>
<if>
<branch type="IF" condition="&quot;${result}&quot;==&quot;success&quot;">
<kw name="Location Should Contain" owner="SeleniumLibrary">
<msg time="2026-09-25T15:04:31.934501" level="INFO">Current location contains 'https://ssid-testing-agency.github.io/Lab.qa/#/catalog'.</msg>
<arg>https://ssid-testing-agency.github.io/Lab.qa/#/catalog</arg>
<doc>Verifies that the current URL contains ``expected``.</doc>
<status status="PASS" start="2026-09-25T15:04:31.830955" elapsed="0.104519"/>
</kw>
<status status="PASS" start="2026-09-25T15:04:31.830051" elapsed="0.106063"/>
</branch>
<branch type="ELSE">
<kw name="GetMessageText" owner="pagecsv">
<var>${msg}</var>
<status status="NOT RUN" start="2026-09-25T15:04:31.937185" elapsed="0.000114"/>
</kw>
<kw name="Should Contain" owner="BuiltIn">
<arg>${msg}</arg>
<arg>Le nom d'utilisateur</arg>
<doc>Fails if the `container` does not contain the `item` one or more times.</doc>
<status status="NOT RUN" start="2026-09-25T15:04:31.937708" elapsed="0.000100"/>
</kw>
<status status="NOT RUN" start="2026-09-25T15:04:31.936616" elapsed="0.001333"/>
</branch>
<status status="PASS" start="2026-09-25T15:04:31.829859" elapsed="0.108206"/>
</if>
<arg>userr=jean_dupont</arg>
<arg>pwdd=Baguette42!</arg>
<arg>result=success</arg>
<status status="PASS" start="2026-09-25T15:04:31.191437" elapsed="0.746815"/>
</kw>
<kw name="fermer" owner="keyword" type="TEARDOWN">
<kw name="Close Browser" owner="SeleniumLibrary">
<doc>Closes the current browser.</doc>
<status status="PASS" start="2026-09-25T15:04:31.940034" elapsed="2.535666"/>
</kw>
<status status="PASS" start="2026-09-25T15:04:31.939149" elapsed="2.536716"/>
</kw>
<status status="PASS" start="2026-09-25T15:04:28.512567" elapsed="5.963516"/>
</test>
<test id="s1-t2" name="Case2" line="23">
<kw name="init" owner="keyword" type="SETUP">
<kw name="Open Browser" owner="SeleniumLibrary">
<msg time="2026-09-25T15:04:34.478709" level="INFO">Opening browser 'chrome' to base url 'https://ssid-testing-agency.github.io/Lab.qa/#/login'.</msg>
<arg>${url}</arg>
<arg>${browser}</arg>
<doc>Opens a new browser instance to the optional ``url``.</doc>
<status status="PASS" start="2026-09-25T15:04:34.478440" elapsed="2.477825"/>
</kw>
<kw name="Set Selenium Implicit Wait" owner="SeleniumLibrary">
<arg>5s</arg>
<doc>Sets the implicit wait value used by Selenium.</doc>
<status status="PASS" start="2026-09-25T15:04:36.956887" elapsed="0.002331"/>
</kw>
<status status="PASS" start="2026-09-25T15:04:34.477872" elapsed="2.481618"/>
</kw>
<kw name="data driven test">
<kw name="Connexion" owner="pagecsv">
<kw name="EnterUsername" owner="pagecsv">
<kw name="Input Text" owner="SeleniumLibrary">
<msg time="2026-09-25T15:04:36.971503" level="INFO">Typing text 'client_chaos' into text field 'id:username'.</msg>
<arg>${username}</arg>
<arg>${user}</arg>
<doc>Types the given ``text`` into the text field identified by ``locator``.</doc>
<status status="PASS" start="2026-09-25T15:04:36.970289" elapsed="0.358968"/>
</kw>
<arg>${userr}</arg>
<status status="PASS" start="2026-09-25T15:04:36.967871" elapsed="0.362200"/>
</kw>
<kw name="EnterPassword" owner="pagecsv">
<kw name="Input Text" owner="SeleniumLibrary">
<msg time="2026-09-25T15:04:37.332304" level="INFO">Typing text 'Baguette42!' into text field 'id:password'.</msg>
<arg>${password}</arg>
<arg>${pwd}</arg>
<doc>Types the given ``text`` into the text field identified by ``locator``.</doc>
<status status="PASS" start="2026-09-25T15:04:37.331672" elapsed="0.169664"/>
</kw>
<arg>${pwdd}</arg>
<status status="PASS" start="2026-09-25T15:04:37.330583" elapsed="0.170999"/>
</kw>
<kw name="ClickLogin" owner="pagecsv">
<kw name="Click Button" owner="SeleniumLibrary">
<msg time="2026-09-25T15:04:37.512942" level="INFO">Clicking button 'css:[data-testid="login-submit"]'.</msg>
<arg>${button_login}</arg>
<doc>Clicks the button identified by ``locator``.</doc>
<status status="PASS" start="2026-09-25T15:04:37.502619" elapsed="0.205649"/>
</kw>
<status status="PASS" start="2026-09-25T15:04:37.501945" elapsed="0.206569"/>
</kw>
<arg>${userr}</arg>
<arg>${pwdd}</arg>
<status status="PASS" start="2026-09-25T15:04:36.965174" elapsed="0.743500"/>
</kw>
<if>
<branch type="IF" condition="&quot;${result}&quot;==&quot;success&quot;">
<kw name="Location Should Contain" owner="SeleniumLibrary">
<msg time="2026-09-25T15:04:37.901340" level="INFO">Current location contains 'https://ssid-testing-agency.github.io/Lab.qa/#/catalog'.</msg>
<arg>https://ssid-testing-agency.github.io/Lab.qa/#/catalog</arg>
<doc>Verifies that the current URL contains ``expected``.</doc>
<status status="PASS" start="2026-09-25T15:04:37.709660" elapsed="0.191870"/>
</kw>
<status status="PASS" start="2026-09-25T15:04:37.709087" elapsed="0.192626"/>
</branch>
<branch type="ELSE">
<kw name="GetMessageText" owner="pagecsv">
<var>${msg}</var>
<status status="NOT RUN" start="2026-09-25T15:04:37.902260" elapsed="0.000190"/>
</kw>
<kw name="Should Contain" owner="BuiltIn">
<arg>${msg}</arg>
<arg>Le nom d'utilisateur</arg>
<doc>Fails if the `container` does not contain the `item` one or more times.</doc>
<status status="NOT RUN" start="2026-09-25T15:04:37.902877" elapsed="0.000135"/>
</kw>
<status status="NOT RUN" start="2026-09-25T15:04:37.901857" elapsed="0.001327"/>
</branch>
<status status="PASS" start="2026-09-25T15:04:37.709003" elapsed="0.194300"/>
</if>
<arg>userr=client_chaos</arg>
<arg>pwdd=Baguette42!</arg>
<arg>result=success</arg>
<status status="PASS" start="2026-09-25T15:04:36.961795" elapsed="0.941799"/>
</kw>
<kw name="fermer" owner="keyword" type="TEARDOWN">
<kw name="Close Browser" owner="SeleniumLibrary">
<doc>Closes the current browser.</doc>
<status status="PASS" start="2026-09-25T15:04:37.905208" elapsed="2.546840"/>
</kw>
<status status="PASS" start="2026-09-25T15:04:37.904461" elapsed="2.549510"/>
</kw>
<status status="PASS" start="2026-09-25T15:04:34.476855" elapsed="5.978755"/>
</test>
<test id="s1-t3" name="Case3" line="23">
<kw name="init" owner="keyword" type="SETUP">
<kw name="Open Browser" owner="SeleniumLibrary">
<msg time="2026-09-25T15:04:40.464960" level="INFO">Opening browser 'chrome' to base url 'https://ssid-testing-agency.github.io/Lab.qa/#/login'.</msg>
<arg>${url}</arg>
<arg>${browser}</arg>
<doc>Opens a new browser instance to the optional ``url``.</doc>
<status status="PASS" start="2026-09-25T15:04:40.464119" elapsed="3.118852"/>
</kw>
<kw name="Set Selenium Implicit Wait" owner="SeleniumLibrary">
<arg>5s</arg>
<doc>Sets the implicit wait value used by Selenium.</doc>
<status status="PASS" start="2026-09-25T15:04:43.583711" elapsed="0.005568"/>
</kw>
<status status="PASS" start="2026-09-25T15:04:40.461883" elapsed="3.128209"/>
</kw>
<kw name="data driven test">
<kw name="Connexion" owner="pagecsv">
<kw name="EnterUsername" owner="pagecsv">
<kw name="Input Text" owner="SeleniumLibrary">
<msg time="2026-09-25T15:04:43.599605" level="INFO">Typing text 'tortue_du_web' into text field 'id:username'.</msg>
<arg>${username}</arg>
<arg>${user}</arg>
<doc>Types the given ``text`` into the text field identified by ``locator``.</doc>
<status status="PASS" start="2026-09-25T15:04:43.598825" elapsed="0.334674"/>
</kw>
<arg>${userr}</arg>
<status status="PASS" start="2026-09-25T15:04:43.597684" elapsed="0.336065"/>
</kw>
<kw name="EnterPassword" owner="pagecsv">
<kw name="Input Text" owner="SeleniumLibrary">
<msg time="2026-09-25T15:04:43.935192" level="INFO">Typing text 'secret_saucee' into text field 'id:password'.</msg>
<arg>${password}</arg>
<arg>${pwd}</arg>
<doc>Types the given ``text`` into the text field identified by ``locator``.</doc>
<status status="PASS" start="2026-09-25T15:04:43.934770" elapsed="0.222490"/>
</kw>
<arg>${pwdd}</arg>
<status status="PASS" start="2026-09-25T15:04:43.934155" elapsed="0.223364"/>
</kw>
<kw name="ClickLogin" owner="pagecsv">
<kw name="Click Button" owner="SeleniumLibrary">
<msg time="2026-09-25T15:04:44.159120" level="INFO">Clicking button 'css:[data-testid="login-submit"]'.</msg>
<arg>${button_login}</arg>
<doc>Clicks the button identified by ``locator``.</doc>
<status status="PASS" start="2026-09-25T15:04:44.158582" elapsed="0.176383"/>
</kw>
<status status="PASS" start="2026-09-25T15:04:44.157887" elapsed="0.177355"/>
</kw>
<arg>${userr}</arg>
<arg>${pwdd}</arg>
<status status="PASS" start="2026-09-25T15:04:43.596646" elapsed="0.738787"/>
</kw>
<if>
<branch type="IF" condition="&quot;${result}&quot;==&quot;success&quot;">
<kw name="Location Should Contain" owner="SeleniumLibrary">
<arg>https://ssid-testing-agency.github.io/Lab.qa/#/catalog</arg>
<doc>Verifies that the current URL contains ``expected``.</doc>
<status status="NOT RUN" start="2026-09-25T15:04:44.336384" elapsed="0.000138"/>
</kw>
<status status="NOT RUN" start="2026-09-25T15:04:44.335686" elapsed="0.000993"/>
</branch>
<branch type="ELSE">
<kw name="GetMessageText" owner="pagecsv">
<kw name="Get Text" owner="SeleniumLibrary">
<msg time="2026-09-25T15:04:44.379846" level="INFO">${msg} = Le nom d'utilisateur et le mot de passe ne correspondent à aucun utilisateur de ce service</msg>
<var>${msg}</var>
<arg>${error}</arg>
<doc>Returns the text value of the element identified by ``locator``.</doc>
<status status="PASS" start="2026-09-25T15:04:44.337916" elapsed="0.042027"/>
</kw>
<return>
<value>${msg}</value>
<status status="PASS" start="2026-09-25T15:04:44.380102" elapsed="0.000117"/>
</return>
<msg time="2026-09-25T15:04:44.380512" level="INFO">${msg} = Le nom d'utilisateur et le mot de passe ne correspondent à aucun utilisateur de ce service</msg>
<var>${msg}</var>
<status status="PASS" start="2026-09-25T15:04:44.337188" elapsed="0.043381"/>
</kw>
<kw name="Should Contain" owner="BuiltIn">
<arg>${msg}</arg>
<arg>Le nom d'utilisateur</arg>
<doc>Fails if the `container` does not contain the `item` one or more times.</doc>
<status status="PASS" start="2026-09-25T15:04:44.380905" elapsed="0.001033"/>
</kw>
<status status="PASS" start="2026-09-25T15:04:44.336820" elapsed="0.045242"/>
</branch>
<status status="PASS" start="2026-09-25T15:04:44.335614" elapsed="0.046526"/>
</if>
<arg>userr=tortue_du_web</arg>
<arg>pwdd=secret_saucee</arg>
<arg>result=failed</arg>
<status status="PASS" start="2026-09-25T15:04:43.595511" elapsed="0.786730"/>
</kw>
<kw name="fermer" owner="keyword" type="TEARDOWN">
<kw name="Close Browser" owner="SeleniumLibrary">
<doc>Closes the current browser.</doc>
<status status="PASS" start="2026-09-25T15:04:44.383850" elapsed="2.430402"/>
</kw>
<status status="PASS" start="2026-09-25T15:04:44.383069" elapsed="2.431364"/>
</kw>
<status status="PASS" start="2026-09-25T15:04:40.458083" elapsed="6.356615"/>
</test>
<test id="s1-t4" name="Case4" line="23">
<kw name="init" owner="keyword" type="SETUP">
<kw name="Open Browser" owner="SeleniumLibrary">
<msg time="2026-09-25T15:04:46.817953" level="INFO">Opening browser 'chrome' to base url 'https://ssid-testing-agency.github.io/Lab.qa/#/login'.</msg>
<arg>${url}</arg>
<arg>${browser}</arg>
<doc>Opens a new browser instance to the optional ``url``.</doc>
<status status="PASS" start="2026-09-25T15:04:46.817610" elapsed="2.259544"/>
</kw>
<kw name="Set Selenium Implicit Wait" owner="SeleniumLibrary">
<arg>5s</arg>
<doc>Sets the implicit wait value used by Selenium.</doc>
<status status="PASS" start="2026-09-25T15:04:49.077649" elapsed="0.002152"/>
</kw>
<status status="PASS" start="2026-09-25T15:04:46.816739" elapsed="2.263364"/>
</kw>
<kw name="data driven test">
<kw name="Connexion" owner="pagecsv">
<kw name="EnterUsername" owner="pagecsv">
<kw name="Input Text" owner="SeleniumLibrary">
<msg time="2026-09-25T15:04:49.109478" level="INFO">Typing text 'client_chaos' into text field 'id:username'.</msg>
<arg>${username}</arg>
<arg>${user}</arg>
<doc>Types the given ``text`` into the text field identified by ``locator``.</doc>
<status status="PASS" start="2026-09-25T15:04:49.108814" elapsed="0.301659"/>
</kw>
<arg>${userr}</arg>
<status status="PASS" start="2026-09-25T15:04:49.108069" elapsed="0.302629"/>
</kw>
<kw name="EnterPassword" owner="pagecsv">
<kw name="Input Text" owner="SeleniumLibrary">
<msg time="2026-09-25T15:04:49.411888" level="INFO">Typing text 'secret_saucee' into text field 'id:password'.</msg>
<arg>${password}</arg>
<arg>${pwd}</arg>
<doc>Types the given ``text`` into the text field identified by ``locator``.</doc>
<status status="PASS" start="2026-09-25T15:04:49.411525" elapsed="0.154903"/>
</kw>
<arg>${pwdd}</arg>
<status status="PASS" start="2026-09-25T15:04:49.410957" elapsed="0.155702"/>
</kw>
<kw name="ClickLogin" owner="pagecsv">
<kw name="Click Button" owner="SeleniumLibrary">
<msg time="2026-09-25T15:04:49.569389" level="INFO">Clicking button 'css:[data-testid="login-submit"]'.</msg>
<arg>${button_login}</arg>
<doc>Clicks the button identified by ``locator``.</doc>
<status status="PASS" start="2026-09-25T15:04:49.568655" elapsed="0.136915"/>
</kw>
<status status="PASS" start="2026-09-25T15:04:49.567245" elapsed="0.138560"/>
</kw>
<arg>${userr}</arg>
<arg>${pwdd}</arg>
<status status="PASS" start="2026-09-25T15:04:49.107305" elapsed="0.598650"/>
</kw>
<if>
<branch type="IF" condition="&quot;${result}&quot;==&quot;success&quot;">
<kw name="Location Should Contain" owner="SeleniumLibrary">
<arg>https://ssid-testing-agency.github.io/Lab.qa/#/catalog</arg>
<doc>Verifies that the current URL contains ``expected``.</doc>
<status status="NOT RUN" start="2026-09-25T15:04:49.706751" elapsed="0.000083"/>
</kw>
<status status="NOT RUN" start="2026-09-25T15:04:49.706228" elapsed="0.000809"/>
</branch>
<branch type="ELSE">
<kw name="GetMessageText" owner="pagecsv">
<kw name="Get Text" owner="SeleniumLibrary">
<msg time="2026-09-25T15:04:49.747461" level="INFO">${msg} = Le nom d'utilisateur et le mot de passe ne correspondent à aucun utilisateur de ce service</msg>
<var>${msg}</var>
<arg>${error}</arg>
<doc>Returns the text value of the element identified by ``locator``.</doc>
<status status="PASS" start="2026-09-25T15:04:49.708242" elapsed="0.039291"/>
</kw>
<return>
<value>${msg}</value>
<status status="PASS" start="2026-09-25T15:04:49.747659" elapsed="0.000086"/>
</return>
<msg time="2026-09-25T15:04:49.747976" level="INFO">${msg} = Le nom d'utilisateur et le mot de passe ne correspondent à aucun utilisateur de ce service</msg>
<var>${msg}</var>
<status status="PASS" start="2026-09-25T15:04:49.707596" elapsed="0.040429"/>
</kw>
<kw name="Should Contain" owner="BuiltIn">
<arg>${msg}</arg>
<arg>Le nom d'utilisateur</arg>
<doc>Fails if the `container` does not contain the `item` one or more times.</doc>
<status status="PASS" start="2026-09-25T15:04:49.748250" elapsed="0.000619"/>
</kw>
<status status="PASS" start="2026-09-25T15:04:49.707152" elapsed="0.041809"/>
</branch>
<status status="PASS" start="2026-09-25T15:04:49.706154" elapsed="0.042873"/>
</if>
<arg>userr=client_chaos</arg>
<arg>pwdd=secret_saucee</arg>
<arg>result=failed</arg>
<status status="PASS" start="2026-09-25T15:04:49.106087" elapsed="0.643019"/>
</kw>
<kw name="fermer" owner="keyword" type="TEARDOWN">
<kw name="Close Browser" owner="SeleniumLibrary">
<doc>Closes the current browser.</doc>
<status status="PASS" start="2026-09-25T15:04:49.750518" elapsed="2.350314"/>
</kw>
<status status="PASS" start="2026-09-25T15:04:49.749592" elapsed="2.351382"/>
</kw>
<status status="PASS" start="2026-09-25T15:04:46.815491" elapsed="5.285719"/>
</test>
<test id="s1-t5" name="Case5" line="23">
<kw name="init" owner="keyword" type="SETUP">
<kw name="Open Browser" owner="SeleniumLibrary">
<msg time="2026-09-25T15:04:52.104185" level="INFO">Opening browser 'chrome' to base url 'https://ssid-testing-agency.github.io/Lab.qa/#/login'.</msg>
<arg>${url}</arg>
<arg>${browser}</arg>
<doc>Opens a new browser instance to the optional ``url``.</doc>
<status status="PASS" start="2026-09-25T15:04:52.103823" elapsed="2.264562"/>
</kw>
<kw name="Set Selenium Implicit Wait" owner="SeleniumLibrary">
<arg>5s</arg>
<doc>Sets the implicit wait value used by Selenium.</doc>
<status status="PASS" start="2026-09-25T15:04:54.368814" elapsed="0.004415"/>
</kw>
<status status="PASS" start="2026-09-25T15:04:52.102983" elapsed="2.270543"/>
</kw>
<kw name="data driven test">
<kw name="Connexion" owner="pagecsv">
<kw name="EnterUsername" owner="pagecsv">
<kw name="Input Text" owner="SeleniumLibrary">
<msg time="2026-09-25T15:04:54.378103" level="INFO">Typing text 'compte_banni' into text field 'id:username'.</msg>
<arg>${username}</arg>
<arg>${user}</arg>
<doc>Types the given ``text`` into the text field identified by ``locator``.</doc>
<status status="PASS" start="2026-09-25T15:04:54.377488" elapsed="0.310895"/>
</kw>
<arg>${userr}</arg>
<status status="PASS" start="2026-09-25T15:04:54.376577" elapsed="0.311996"/>
</kw>
<kw name="EnterPassword" owner="pagecsv">
<kw name="Input Text" owner="SeleniumLibrary">
<msg time="2026-09-25T15:04:54.690535" level="INFO">Typing text 'secret_saucee' into text field 'id:password'.</msg>
<arg>${password}</arg>
<arg>${pwd}</arg>
<doc>Types the given ``text`` into the text field identified by ``locator``.</doc>
<status status="PASS" start="2026-09-25T15:04:54.689595" elapsed="0.161418"/>
</kw>
<arg>${pwdd}</arg>
<status status="PASS" start="2026-09-25T15:04:54.688936" elapsed="0.162262"/>
</kw>
<kw name="ClickLogin" owner="pagecsv">
<kw name="Click Button" owner="SeleniumLibrary">
<msg time="2026-09-25T15:04:54.852286" level="INFO">Clicking button 'css:[data-testid="login-submit"]'.</msg>
<arg>${button_login}</arg>
<doc>Clicks the button identified by ``locator``.</doc>
<status status="PASS" start="2026-09-25T15:04:54.851938" elapsed="0.138727"/>
</kw>
<status status="PASS" start="2026-09-25T15:04:54.851499" elapsed="0.139407"/>
</kw>
<arg>${userr}</arg>
<arg>${pwdd}</arg>
<status status="PASS" start="2026-09-25T15:04:54.375531" elapsed="0.615542"/>
</kw>
<if>
<branch type="IF" condition="&quot;${result}&quot;==&quot;success&quot;">
<kw name="Location Should Contain" owner="SeleniumLibrary">
<arg>https://ssid-testing-agency.github.io/Lab.qa/#/catalog</arg>
<doc>Verifies that the current URL contains ``expected``.</doc>
<status status="NOT RUN" start="2026-09-25T15:04:54.991703" elapsed="0.000110"/>
</kw>
<status status="NOT RUN" start="2026-09-25T15:04:54.991302" elapsed="0.000616"/>
</branch>
<branch type="ELSE">
<kw name="GetMessageText" owner="pagecsv">
<kw name="Get Text" owner="SeleniumLibrary">
<msg time="2026-09-25T15:04:55.037319" level="INFO">${msg} = Le nom d'utilisateur et le mot de passe ne correspondent à aucun utilisateur de ce service</msg>
<var>${msg}</var>
<arg>${error}</arg>
<doc>Returns the text value of the element identified by ``locator``.</doc>
<status status="PASS" start="2026-09-25T15:04:54.992841" elapsed="0.044594"/>
</kw>
<return>
<value>${msg}</value>
<status status="PASS" start="2026-09-25T15:04:55.037620" elapsed="0.000110"/>
</return>
<msg time="2026-09-25T15:04:55.037998" level="INFO">${msg} = Le nom d'utilisateur et le mot de passe ne correspondent à aucun utilisateur de ce service</msg>
<var>${msg}</var>
<status status="PASS" start="2026-09-25T15:04:54.992302" elapsed="0.045749"/>
</kw>
<kw name="Should Contain" owner="BuiltIn">
<arg>${msg}</arg>
<arg>Le nom d'utilisateur</arg>
<doc>Fails if the `container` does not contain the `item` one or more times.</doc>
<status status="PASS" start="2026-09-25T15:04:55.038279" elapsed="0.000531"/>
</kw>
<status status="PASS" start="2026-09-25T15:04:54.992012" elapsed="0.046902"/>
</branch>
<status status="PASS" start="2026-09-25T15:04:54.991254" elapsed="0.047745"/>
</if>
<arg>userr=compte_banni</arg>
<arg>pwdd=secret_saucee</arg>
<arg>result=failed</arg>
<status status="PASS" start="2026-09-25T15:04:54.374449" elapsed="0.664672"/>
</kw>
<kw name="fermer" owner="keyword" type="TEARDOWN">
<kw name="Close Browser" owner="SeleniumLibrary">
<doc>Closes the current browser.</doc>
<status status="PASS" start="2026-09-25T15:04:55.040328" elapsed="2.490410"/>
</kw>
<status status="PASS" start="2026-09-25T15:04:55.039749" elapsed="2.491151"/>
</kw>
<status status="PASS" start="2026-09-25T15:04:52.101846" elapsed="5.429265"/>
</test>
<doc>Cas login avec JDD</doc>
<status status="PASS" start="2026-09-25T15:04:27.850309" elapsed="29.681652"/>
</suite>
<statistics>
<total>
<stat pass="5" fail="0" skip="0">All Tests</stat>
</total>
<tag>
</tag>
<suite>
<stat name="Logincsv" id="s1" pass="5" fail="0" skip="0">Logincsv</stat>
</suite>
</statistics>
<errors>
</errors>
</robot>
