<?xml version="1.0" encoding="UTF-8"?>
<robot generator="Robot 7.5 (Python 3.14.7 on win32)" generated="2026-09-27T11:30:21.492597" rpa="false" schemaversion="5">
<suite id="s1" name="Logincsv" source="C:\Users\dell\Desktop\LabQA\tests\logincsv.robot">
<test id="s1-t1" name="Login with data csv" line="23">
<status status="FAIL" start="2026-09-27T11:30:22.209665" elapsed="0.001490">Test cannot be empty.</status>
</test>
<doc>Cas login avec JDD</doc>
<status status="FAIL" start="2026-09-27T11:30:21.495317" elapsed="0.717007"/>
</suite>
<statistics>
<total>
<stat pass="0" fail="1" skip="0">All Tests</stat>
</total>
<tag>
</tag>
<suite>
<stat name="Logincsv" id="s1" pass="0" fail="1" skip="0">Logincsv</stat>
</suite>
</statistics>
<errors>
<msg time="2026-09-27T11:30:22.200460" level="ERROR">Error in file 'C:\Users\dell\Desktop\LabQA\tests\logincsv.robot' on line 4: Importing library 'DataDriver' failed: ModuleNotFoundError: No module named 'DataDriver'
Traceback (most recent call last):
  None
PYTHONPATH:
  C:\Users\dell\AppData\Roaming\Python\Python314\Scripts\robot.exe
  C:\Python314\python314.zip
  C:\Python314\DLLs
  C:\Python314\Lib
  C:\Python314
  C:\Users\dell\AppData\Roaming\Python\Python314\site-packages
  C:\Python314\Lib\site-packages</msg>
</errors>
</robot>
