<?xml version="1.0" encoding="UTF-8"?>
<robot generator="Robot 7.5 (Python 3.14.7 on win32)" generated="2026-09-25T13:40:24.380237" rpa="false" schemaversion="5">
<suite id="s1" name="Parcours" source="C:\Users\dell\Desktop\LabQA\Tests\parcours.robot">
<test id="s1-t1" name="e2e" line="14">
<kw name="init" owner="keyword" type="SETUP">
<kw name="Open Browser" owner="SeleniumLibrary">
<msg time="2026-09-25T13:40:25.016103" level="INFO">Opening browser 'edge' to base url 'https://ssid-testing-agency.github.io/Lab.qa/#/login'.</msg>
<arg>${url}</arg>
<arg>${browser}</arg>
<doc>Opens a new browser instance to the optional ``url``.</doc>
<status status="PASS" start="2026-09-25T13:40:25.015721" elapsed="2.293652"/>
</kw>
<kw name="Set Selenium Implicit Wait" owner="SeleniumLibrary">
<arg>5s</arg>
<doc>Sets the implicit wait value used by Selenium.</doc>
<status status="PASS" start="2026-09-25T13:40:27.309984" elapsed="0.009868"/>
</kw>
<status status="PASS" start="2026-09-25T13:40:25.014461" elapsed="2.305701"/>
</kw>
<kw name="connexion" owner="login">
<kw name="Input Text" owner="SeleniumLibrary">
<msg time="2026-09-25T13:40:27.323192" level="INFO">Typing text 'jean_dupont' into text field 'id:username'.</msg>
<arg>${user}</arg>
<arg>jean_dupont</arg>
<doc>Types the given ``text`` into the text field identified by ``locator``.</doc>
<status status="PASS" start="2026-09-25T13:40:27.321928" elapsed="0.641908"/>
</kw>
<kw name="Input Text" owner="SeleniumLibrary">
<msg time="2026-09-25T13:40:27.965095" level="INFO">Typing text 'Baguette42!' into text field 'id:password'.</msg>
<arg>${pwd}</arg>
<arg>Baguette42!</arg>
<doc>Types the given ``text`` into the text field identified by ``locator``.</doc>
<status status="PASS" start="2026-09-25T13:40:27.964360" elapsed="0.188055"/>
</kw>
<kw name="Click Button" owner="SeleniumLibrary">
<msg time="2026-09-25T13:40:28.153398" level="INFO">Clicking button 'css:[data-testid="login-submit"]'.</msg>
<arg>${btn}</arg>
<doc>Clicks the button identified by ``locator``.</doc>
<status status="PASS" start="2026-09-25T13:40:28.152839" elapsed="0.218551"/>
</kw>
<status status="PASS" start="2026-09-25T13:40:27.320734" elapsed="1.050991"/>
</kw>
<kw name="getTextHeader" owner="catalog">
<kw name="Get Text" owner="SeleniumLibrary">
<msg time="2026-09-25T13:40:28.549089" level="INFO">${text} = Tous les produits (18 produits — page 1/3)</msg>
<var>${text}</var>
<arg>${header}</arg>
<doc>Returns the text value of the element identified by ``locator``.</doc>
<status status="PASS" start="2026-09-25T13:40:28.372868" elapsed="0.176339"/>
</kw>
<return>
<value>${text}</value>
<status status="PASS" start="2026-09-25T13:40:28.549400" elapsed="0.000176"/>
</return>
<msg time="2026-09-25T13:40:28.550110" level="INFO">${textHEader} = Tous les produits (18 produits — page 1/3)</msg>
<var>${textHEader}</var>
<status status="PASS" start="2026-09-25T13:40:28.372159" elapsed="0.178088"/>
</kw>
<kw name="Should Contain" owner="BuiltIn">
<arg>${textHEader}</arg>
<arg>Tous les produit</arg>
<doc>Fails if the `container` does not contain the `item` one or more times.</doc>
<status status="PASS" start="2026-09-25T13:40:28.550752" elapsed="0.001340"/>
</kw>
<kw name="clickSurVetement" owner="catalog">
<kw name="Click Element" owner="SeleniumLibrary">
<msg time="2026-09-25T13:40:28.554309" level="INFO">Clicking element 'css:[data-testid="sidebar-category-clothing"]'.</msg>
<arg>${vetementBTN}</arg>
<doc>Click the element identified by ``locator``.</doc>
<status status="PASS" start="2026-09-25T13:40:28.553477" elapsed="0.291659"/>
</kw>
<status status="PASS" start="2026-09-25T13:40:28.552638" elapsed="0.292931"/>
</kw>
<kw name="Location Should Contain" owner="SeleniumLibrary">
<msg time="2026-09-25T13:40:28.880355" level="INFO">Current location contains 'category=clothing'.</msg>
<arg>category=clothing</arg>
<doc>Verifies that the current URL contains ``expected``.</doc>
<status status="PASS" start="2026-09-25T13:40:28.846049" elapsed="0.034651"/>
</kw>
<kw name="clickSurAddFavory" owner="catalog">
<kw name="Click Element" owner="SeleniumLibrary">
<msg time="2026-09-25T13:40:28.882851" level="INFO">Clicking element 'css:[data-testid="wishlist-btn-sauce-bolt-shirt"]'.</msg>
<arg>${addFavory}</arg>
<doc>Click the element identified by ``locator``.</doc>
<status status="PASS" start="2026-09-25T13:40:28.882130" elapsed="0.145209"/>
</kw>
<status status="PASS" start="2026-09-25T13:40:28.881262" elapsed="0.146555"/>
</kw>
<kw name="getTxtCartCount" owner="catalog">
<kw name="Get Text" owner="SeleniumLibrary">
<msg time="2026-09-25T13:40:29.065512" level="INFO">${msg} = 1</msg>
<var>${msg}</var>
<arg>${wishlistcount}</arg>
<doc>Returns the text value of the element identified by ``locator``.</doc>
<status status="PASS" start="2026-09-25T13:40:29.029978" elapsed="0.035645"/>
</kw>
<return>
<value>${msg}</value>
<status status="PASS" start="2026-09-25T13:40:29.065852" elapsed="0.000167"/>
</return>
<msg time="2026-09-25T13:40:29.066410" level="INFO">${msgCount} = 1</msg>
<var>${msgCount}</var>
<status status="PASS" start="2026-09-25T13:40:29.029162" elapsed="0.037330"/>
</kw>
<kw name="Should Contain" owner="BuiltIn">
<arg>${msgCount}</arg>
<arg>1</arg>
<doc>Fails if the `container` does not contain the `item` one or more times.</doc>
<status status="PASS" start="2026-09-25T13:40:29.066926" elapsed="0.001028"/>
</kw>
<kw name="clickWitchListCount" owner="catalog">
<kw name="Click Element" owner="SeleniumLibrary">
<msg time="2026-09-25T13:40:29.069730" level="INFO">Clicking element 'css:[data-testid="wishlist-count"]'.</msg>
<arg>${wishlistcount}</arg>
<doc>Click the element identified by ``locator``.</doc>
<status status="PASS" start="2026-09-25T13:40:29.069179" elapsed="0.129379"/>
</kw>
<status status="PASS" start="2026-09-25T13:40:29.068439" elapsed="0.130439"/>
</kw>
<kw name="Location Should Contain" owner="SeleniumLibrary">
<msg time="2026-09-25T13:40:29.219044" level="INFO">Current location contains 'wishlist'.</msg>
<arg>wishlist</arg>
<doc>Verifies that the current URL contains ``expected``.</doc>
<status status="PASS" start="2026-09-25T13:40:29.199310" elapsed="0.020005"/>
</kw>
<kw name="clickChoisirTaille" owner="list">
<kw name="Click Element" owner="SeleniumLibrary">
<msg time="2026-09-25T13:40:29.221540" level="INFO">Clicking element 'css:[data-testid="wishlist-choose-size-sauce-bolt-shirt"]'.</msg>
<arg>${choisirTailleBtn}</arg>
<doc>Click the element identified by ``locator``.</doc>
<status status="PASS" start="2026-09-25T13:40:29.220608" elapsed="0.219137"/>
</kw>
<status status="PASS" start="2026-09-25T13:40:29.219792" elapsed="0.220359"/>
</kw>
<kw name="clickSurM" owner="list">
<kw name="Click Element" owner="SeleniumLibrary">
<msg time="2026-09-25T13:40:29.442864" level="INFO">Clicking element 'css:[data-testid="size-btn-M"]'.</msg>
<arg>${chosirTailleM}</arg>
<doc>Click the element identified by ``locator``.</doc>
<status status="PASS" start="2026-09-25T13:40:29.441830" elapsed="0.181270"/>
</kw>
<status status="PASS" start="2026-09-25T13:40:29.440679" elapsed="0.182722"/>
</kw>
<kw name="clickAjoutPanier" owner="list">
<kw name="Click Element" owner="SeleniumLibrary">
<msg time="2026-09-25T13:40:29.627309" level="INFO">Clicking element 'css:[data-testid="product-detail-add-to-cart"]'.</msg>
<arg>${ajoutPanierBTN}</arg>
<doc>Click the element identified by ``locator``.</doc>
<status status="PASS" start="2026-09-25T13:40:29.626283" elapsed="0.160628"/>
</kw>
<status status="PASS" start="2026-09-25T13:40:29.624651" elapsed="0.162569"/>
</kw>
<kw name="getTExtPanier" owner="list">
<kw name="Get Text" owner="SeleniumLibrary">
<msg time="2026-09-25T13:40:29.832502" level="INFO">${msg} = 1</msg>
<var>${msg}</var>
<arg>${cartCount}</arg>
<doc>Returns the text value of the element identified by ``locator``.</doc>
<status status="PASS" start="2026-09-25T13:40:29.788886" elapsed="0.043726"/>
</kw>
<return>
<value>${msg}</value>
<status status="PASS" start="2026-09-25T13:40:29.832817" elapsed="0.000111"/>
</return>
<msg time="2026-09-25T13:40:29.833345" level="INFO">${msg} = 1</msg>
<var>${msg}</var>
<status status="PASS" start="2026-09-25T13:40:29.787889" elapsed="0.045536"/>
</kw>
<kw name="Should Contain" owner="BuiltIn">
<arg>${msg}</arg>
<arg>1</arg>
<doc>Fails if the `container` does not contain the `item` one or more times.</doc>
<status status="PASS" start="2026-09-25T13:40:29.833851" elapsed="0.000695"/>
</kw>
<kw name="ClickPanier" owner="list">
<kw name="Click Element" owner="SeleniumLibrary">
<msg time="2026-09-25T13:40:29.836365" level="INFO">Clicking element 'css:[data-testid="cart-count"]'.</msg>
<arg>${cartCount}</arg>
<doc>Click the element identified by ``locator``.</doc>
<status status="PASS" start="2026-09-25T13:40:29.835786" elapsed="0.135140"/>
</kw>
<status status="PASS" start="2026-09-25T13:40:29.834981" elapsed="0.136257"/>
</kw>
<kw name="clickCOmmander" owner="cart">
<kw name="Click Button" owner="SeleniumLibrary">
<msg time="2026-09-25T13:40:29.973264" level="INFO">Clicking button 'css:[data-testid="cart-checkout-button"]'.</msg>
<arg>${commanderBTn}</arg>
<doc>Clicks the button identified by ``locator``.</doc>
<status status="PASS" start="2026-09-25T13:40:29.972470" elapsed="0.249949"/>
</kw>
<status status="PASS" start="2026-09-25T13:40:29.971696" elapsed="0.251029"/>
</kw>
<kw name="Location Should Contain" owner="SeleniumLibrary">
<msg time="2026-09-25T13:40:30.236784" level="INFO">Current location contains 'checkout/info'.</msg>
<arg>checkout/info</arg>
<doc>Verifies that the current URL contains ``expected``.</doc>
<status status="PASS" start="2026-09-25T13:40:30.223449" elapsed="0.013583"/>
</kw>
<kw name="remplirForm" owner="information">
<kw name="Input Text" owner="SeleniumLibrary">
<msg time="2026-09-25T13:40:30.243539" level="INFO">Typing text 'yedir' into text field 'id:first-name'.</msg>
<arg>${prenom}</arg>
<arg>yedir</arg>
<doc>Types the given ``text`` into the text field identified by ``locator``.</doc>
<status status="PASS" start="2026-09-25T13:40:30.239418" elapsed="0.196401"/>
</kw>
<kw name="Input Text" owner="SeleniumLibrary">
<msg time="2026-09-25T13:40:30.437114" level="INFO">Typing text 'benamar' into text field 'id:last-name'.</msg>
<arg>${nom}</arg>
<arg>benamar</arg>
<doc>Types the given ``text`` into the text field identified by ``locator``.</doc>
<status status="PASS" start="2026-09-25T13:40:30.436316" elapsed="0.172928"/>
</kw>
<kw name="Input Text" owner="SeleniumLibrary">
<msg time="2026-09-25T13:40:30.610665" level="INFO">Typing text 'benamar@gmail.com' into text field 'id:email'.</msg>
<arg>${email}</arg>
<arg>benamar@gmail.com</arg>
<doc>Types the given ``text`` into the text field identified by ``locator``.</doc>
<status status="PASS" start="2026-09-25T13:40:30.609865" elapsed="0.234067"/>
</kw>
<kw name="Input Text" owner="SeleniumLibrary">
<msg time="2026-09-25T13:40:30.845261" level="INFO">Typing text '95870' into text field 'id:postal-code'.</msg>
<arg>${postal-code}</arg>
<arg>95870</arg>
<doc>Types the given ``text`` into the text field identified by ``locator``.</doc>
<status status="PASS" start="2026-09-25T13:40:30.844495" elapsed="0.171485"/>
</kw>
<kw name="Click Button" owner="SeleniumLibrary">
<msg time="2026-09-25T13:40:31.017005" level="INFO">Clicking button 'css:[data-testid="checkout-continue"]'.</msg>
<arg>${btnContinue}</arg>
<doc>Clicks the button identified by ``locator``.</doc>
<status status="PASS" start="2026-09-25T13:40:31.016387" elapsed="0.175329"/>
</kw>
<status status="PASS" start="2026-09-25T13:40:30.237731" elapsed="0.954421"/>
</kw>
<kw name="Location Should Contain" owner="SeleniumLibrary">
<msg time="2026-09-25T13:40:31.204024" level="INFO">Current location contains 'checkout/review'.</msg>
<arg>checkout/review</arg>
<doc>Verifies that the current URL contains ``expected``.</doc>
<status status="PASS" start="2026-09-25T13:40:31.193424" elapsed="0.010883"/>
</kw>
<kw name="clickBtnCOnfirmer" owner="information">
<kw name="Click Button" owner="SeleniumLibrary">
<msg time="2026-09-25T13:40:31.206703" level="INFO">Clicking button 'css:[data-testid="checkout-finish"]'.</msg>
<arg>${btnCOnfirm}</arg>
<doc>Clicks the button identified by ``locator``.</doc>
<status status="PASS" start="2026-09-25T13:40:31.205915" elapsed="0.186476"/>
</kw>
<status status="PASS" start="2026-09-25T13:40:31.204851" elapsed="0.187943"/>
</kw>
<kw name="Location Should Contain" owner="SeleniumLibrary">
<msg time="2026-09-25T13:40:31.403030" level="INFO">Current location contains 'checkout/payment'.</msg>
<arg>checkout/payment</arg>
<doc>Verifies that the current URL contains ``expected``.</doc>
<status status="PASS" start="2026-09-25T13:40:31.393267" elapsed="0.010028"/>
</kw>
<kw name="remplirFormPaimenet" owner="paiement">
<kw name="Input Text" owner="SeleniumLibrary">
<msg time="2026-09-25T13:40:31.405460" level="INFO">Typing text '4242 4242 4242 4242' into text field 'id:card-number'.</msg>
<arg>${numcard}</arg>
<arg>4242 4242 4242 4242</arg>
<doc>Types the given ``text`` into the text field identified by ``locator``.</doc>
<status status="PASS" start="2026-09-25T13:40:31.404657" elapsed="0.309270"/>
</kw>
<kw name="Input Text" owner="SeleniumLibrary">
<msg time="2026-09-25T13:40:31.714905" level="INFO">Typing text '12/29' into text field 'id:card-expiry'.</msg>
<arg>${card-expiry}</arg>
<arg>12/29</arg>
<doc>Types the given ``text`` into the text field identified by ``locator``.</doc>
<status status="PASS" start="2026-09-25T13:40:31.714342" elapsed="0.133870"/>
</kw>
<kw name="Input Text" owner="SeleniumLibrary">
<msg time="2026-09-25T13:40:31.849276" level="INFO">Typing text '134' into text field 'id:card-cvc'.</msg>
<arg>${card-cvc}</arg>
<arg>134</arg>
<doc>Types the given ``text`` into the text field identified by ``locator``.</doc>
<status status="PASS" start="2026-09-25T13:40:31.848668" elapsed="0.135138"/>
</kw>
<kw name="Input Text" owner="SeleniumLibrary">
<msg time="2026-09-25T13:40:31.984835" level="INFO">Typing text '77150' into text field 'id:card-name'.</msg>
<arg>${card-name}</arg>
<arg>77150</arg>
<doc>Types the given ``text`` into the text field identified by ``locator``.</doc>
<status status="PASS" start="2026-09-25T13:40:31.984315" elapsed="0.129161"/>
</kw>
<kw name="Click Button" owner="SeleniumLibrary">
<msg time="2026-09-25T13:40:32.114282" level="INFO">Clicking button 'css:[data-testid="payment-submit"]'.</msg>
<arg>${payerBTN}</arg>
<doc>Clicks the button identified by ``locator``.</doc>
<status status="PASS" start="2026-09-25T13:40:32.113814" elapsed="0.160604"/>
</kw>
<status status="PASS" start="2026-09-25T13:40:31.403829" elapsed="0.870912"/>
</kw>
<kw name="getmsgCOnf" owner="paiement">
<kw name="Get Text" owner="SeleniumLibrary">
<msg time="2026-09-25T13:40:33.878084" level="INFO">${msg} = Commande confirmée !</msg>
<var>${msg}</var>
<arg>${msgConf}</arg>
<doc>Returns the text value of the element identified by ``locator``.</doc>
<status status="PASS" start="2026-09-25T13:40:32.276128" elapsed="1.602052"/>
</kw>
<return>
<value>${msg}</value>
<status status="PASS" start="2026-09-25T13:40:33.878372" elapsed="0.000113"/>
</return>
<msg time="2026-09-25T13:40:33.878840" level="INFO">${messageconf} = Commande confirmée !</msg>
<var>${messageconf}</var>
<status status="PASS" start="2026-09-25T13:40:32.275319" elapsed="1.603580"/>
</kw>
<kw name="Should Contain" owner="BuiltIn">
<arg>${messageconf}</arg>
<arg>Commande confirmée !</arg>
<doc>Fails if the `container` does not contain the `item` one or more times.</doc>
<status status="PASS" start="2026-09-25T13:40:33.879223" elapsed="0.000890"/>
</kw>
<kw name="clickBTnRetour" owner="paiement">
<kw name="Wait Until Element Is Visible" owner="SeleniumLibrary">
<arg>${btnretour}</arg>
<arg>10s</arg>
<doc>Waits until the element ``locator`` is visible.</doc>
<status status="PASS" start="2026-09-25T13:40:33.881289" elapsed="0.030040"/>
</kw>
<kw name="Click Element" owner="SeleniumLibrary">
<msg time="2026-09-25T13:40:33.912359" level="INFO">Clicking element 'css:[data-testid="confirmation-home"]'.</msg>
<arg>${btnretour}</arg>
<doc>Click the element identified by ``locator``.</doc>
<status status="PASS" start="2026-09-25T13:40:33.911807" elapsed="0.148111"/>
</kw>
<status status="PASS" start="2026-09-25T13:40:33.880591" elapsed="0.179650"/>
</kw>
<kw name="Location Should Contain" owner="SeleniumLibrary">
<msg time="2026-09-25T13:40:34.101419" level="INFO">Current location contains 'catalog'.</msg>
<arg>catalog</arg>
<doc>Verifies that the current URL contains ``expected``.</doc>
<status status="PASS" start="2026-09-25T13:40:34.060682" elapsed="0.040930"/>
</kw>
<kw name="clickLogOUt" owner="catalog">
<kw name="Click Element" owner="SeleniumLibrary">
<msg time="2026-09-25T13:40:34.103845" level="INFO">Clicking element 'css:[data-testid="logout-button"]'.</msg>
<arg>${btnLogout}</arg>
<doc>Click the element identified by ``locator``.</doc>
<status status="PASS" start="2026-09-25T13:40:34.103004" elapsed="0.283787"/>
</kw>
<status status="PASS" start="2026-09-25T13:40:34.102146" elapsed="0.284901"/>
</kw>
<kw name="Location Should Contain" owner="SeleniumLibrary">
<msg time="2026-09-25T13:40:34.405938" level="INFO">Current location contains 'login'.</msg>
<arg>login</arg>
<doc>Verifies that the current URL contains ``expected``.</doc>
<status status="PASS" start="2026-09-25T13:40:34.387464" elapsed="0.018726"/>
</kw>
<status status="PASS" start="2026-09-25T13:40:25.012939" elapsed="9.393855"/>
</test>
<doc>test e2e</doc>
<status status="PASS" start="2026-09-25T13:40:24.382239" elapsed="10.026129"/>
</suite>
<statistics>
<total>
<stat pass="1" fail="0" skip="0">All Tests</stat>
</total>
<tag>
</tag>
<suite>
<stat name="Parcours" id="s1" pass="1" fail="0" skip="0">Parcours</stat>
</suite>
</statistics>
<errors>
</errors>
</robot>
